<?xml version="1.0" encoding="UTF-8"?>
<testng-results skipped="0" failed="0" total="1" passed="1">
  <reporter-output>
  </reporter-output>
  <suite name="Default suite" duration-ms="2644" started-at="2020-09-22T13:41:53Z" finished-at="2020-09-22T13:41:56Z">
    <groups>
    </groups>
    <test name="Default test" duration-ms="2644" started-at="2020-09-22T13:41:53Z" finished-at="2020-09-22T13:41:56Z">
      <class name="demo.SumValidation">
        <test-method status="PASS" signature="sumOfCourses()[pri:0, instance:demo.SumValidation@4cb2c100]" name="sumOfCourses" duration-ms="2613" started-at="2020-09-22T19:11:53Z" finished-at="2020-09-22T19:11:56Z">
          <reporter-output>
          </reporter-output>
        </test-method> <!-- sumOfCourses -->
      </class> <!-- demo.SumValidation -->
    </test> <!-- Default test -->
  </suite> <!-- Default suite -->
</testng-results>
